#
# There is insufficient memory for the Java Runtime Environment to continue.
# Native memory allocation (malloc) failed to allocate 125829120 bytes for committing reserved memory.
# Possible reasons:
#   The system is out of physical RAM or swap space
#   In 32 bit mode, the process size limit was hit
# Possible solutions:
#   Reduce memory load on the system
#   Increase physical memory or swap space
#   Check if swap backing store is full
#   Use 64 bit Java on a 64 bit OS
#   Decrease Java heap size (-Xmx/-Xms)
#   Decrease number of Java threads
#   Decrease Java thread stack sizes (-Xss)
#   Set larger code cache with -XX:ReservedCodeCacheSize=
# This output file may be truncated or incomplete.
#
#  Out of Memory Error (os_linux.cpp:2822), pid=10519, tid=140380796126976
#
# JRE version: OpenJDK Runtime Environment (7.0_151-b01) (build 1.7.0_151-b01)
# Java VM: OpenJDK 64-Bit Server VM (24.151-b01 mixed mode linux-amd64 compressed oops)
# Derivative: IcedTea 2.6.11
# Distribution: Ubuntu 14.04 LTS, package 7u151-2.6.11-0ubuntu1.14.04.1
# Failed to write core dump. Core dumps have been disabled. To enable core dumping, try "ulimit -c unlimited" before starting Java again
#

---------------  T H R E A D  ---------------

Current thread (0x00007fad00075800):  VMThread [stack: 0x00007facf36c8000,0x00007facf37c9000] [id=10525]

Stack: [0x00007facf36c8000,0x00007facf37c9000],  sp=0x00007facf37c7490,  free space=1021k
Native frames: (J=compiled Java code, j=interpreted, Vv=VM code, C=native code)
V  [libjvm.so+0x962b45]
V  [libjvm.so+0x49a474]
V  [libjvm.so+0x7da7cb]
V  [libjvm.so+0x7d519f]
V  [libjvm.so+0x84a71b]
V  [libjvm.so+0x84b590]
V  [libjvm.so+0x84bc7b]
V  [libjvm.so+0x847668]
V  [libjvm.so+0x847ed8]
V  [libjvm.so+0x7fd3e3]
V  [libjvm.so+0x964554]
V  [libjvm.so+0x968657]
V  [libjvm.so+0x967118]
V  [libjvm.so+0x967579]
V  [libjvm.so+0x9679c2]
V  [libjvm.so+0x7d75c2]

VM_Operation (0x00007fad07f97620): ParallelGCFailedAllocation, mode: safepoint, requested by thread 0x00007fad0000a000


---------------  P R O C E S S  ---------------

Java Threads: ( => current thread )
  0x00007fad000a8800 JavaThread "Service Thread" daemon [_thread_blocked, id=10531, stack(0x00007facf29e0000,0x00007facf2ae1000)]
  0x00007fad000a6000 JavaThread "C2 CompilerThread1" daemon [_thread_blocked, id=10530, stack(0x00007facf2ae1000,0x00007facf2be2000)]
  0x00007fad000a3000 JavaThread "C2 CompilerThread0" daemon [_thread_blocked, id=10529, stack(0x00007facf2be2000,0x00007facf2ce3000)]
  0x00007fad000a1000 JavaThread "Signal Dispatcher" daemon [_thread_blocked, id=10528, stack(0x00007facf2ce3000,0x00007facf2de4000)]
  0x00007fad0007e000 JavaThread "Finalizer" daemon [_thread_blocked, id=10527, stack(0x00007facf34c6000,0x00007facf35c7000)]
  0x00007fad0007c000 JavaThread "Reference Handler" daemon [_thread_blocked, id=10526, stack(0x00007facf35c7000,0x00007facf36c8000)]
  0x00007fad0000a000 JavaThread "main" [_thread_blocked, id=10520, stack(0x00007fad07e98000,0x00007fad07f99000)]

Other Threads:
=>0x00007fad00075800 VMThread [stack: 0x00007facf36c8000,0x00007facf37c9000] [id=10525]
  0x00007fad000b3000 WatcherThread [stack: 0x00007facf28df000,0x00007facf29e0000] [id=10532]

VM state:at safepoint (normal execution)

VM Mutex/Monitor currently owned by a thread:  ([mutex/lock_event])
[0x00007fad000062f0] Threads_lock - owner thread: 0x00007fad00075800
[0x00007fad000067f0] Heap_lock - owner thread: 0x00007fad0000a000

Heap
 PSYoungGen      total 123904K, used 221K [0x00000007d8000000, 0x00000007dfa00000, 0x0000000800000000)
  eden space 122880K, 0% used [0x00000007d8000000,0x00000007d8000000,0x00000007df800000)
  from space 1024K, 21% used [0x00000007df800000,0x00000007df837538,0x00000007df900000)
  to   space 1024K, 0% used [0x00000007df900000,0x00000007df900000,0x00000007dfa00000)
 ParOldGen       total 81920K, used 548K [0x0000000788000000, 0x000000078d000000, 0x00000007d8000000)
  object space 81920K, 0% used [0x0000000788000000,0x00000007880890b0,0x000000078d000000)
 PSPermGen       total 21504K, used 3852K [0x000000077da00000, 0x000000077ef00000, 0x0000000788000000)
  object space 21504K, 17% used [0x000000077da00000,0x000000077ddc3290,0x000000077ef00000)

Card table byte_map: [0x00007fad046a4000,0x00007fad04ab8000] byte_map_base: 0x00007fad00ab7000

Polling page: 0x00007fad07fb2000

Code Cache  [0x00007facfd000000, 0x00007facfd270000, 0x00007fad00000000)
 total_blobs=218 nmethods=26 adapters=146 free_code_cache=48721Kb largest_free_block=49862016

Compilation events (10 events):
Event: 0.208 Thread 0x00007fad000a3000 nmethod 22 0x00007facfd0616d0 code [0x00007facfd061800, 0x00007facfd061838]
Event: 0.208 Thread 0x00007fad000a6000 nmethod 21 0x00007facfd068190 code [0x00007facfd0682c0, 0x00007facfd068338]
Event: 0.231 Thread 0x00007fad000a3000   23             java.lang.AbstractStringBuilder::ensureCapacityInternal (16 bytes)
Event: 0.232 Thread 0x00007fad000a6000   24             java.lang.String::getChars (62 bytes)
Event: 0.233 Thread 0x00007fad000a6000 nmethod 24 0x00007facfd06c2d0 code [0x00007facfd06c420, 0x00007facfd06c598]
Event: 0.233 Thread 0x00007fad000a6000   25             java.lang.AbstractStringBuilder::append (48 bytes)
Event: 0.234 Thread 0x00007fad000a3000 nmethod 23 0x00007facfd06a890 code [0x00007facfd06a9e0, 0x00007facfd06ac78]
Event: 0.234 Thread 0x00007fad000a3000   26             java.lang.StringBuilder::append (8 bytes)
Event: 0.239 Thread 0x00007fad000a6000 nmethod 25 0x00007facfd06d710 code [0x00007facfd06d880, 0x00007facfd06dc58]
Event: 0.239 Thread 0x00007fad000a3000 nmethod 26 0x00007facfd06cdd0 code [0x00007facfd06cf40, 0x00007facfd06d338]

GC Heap History (10 events):
Event: 0.214 GC heap after
Heap after GC invocations=2 (full 0):
 PSYoungGen      total 35840K, used 612K [0x00000007d8000000, 0x00000007dc600000, 0x0000000800000000)
  eden space 30720K, 0% used [0x00000007d8000000,0x00000007d8000000,0x00000007d9e00000)
  from space 5120K, 11% used [0x00000007da300000,0x00000007da3992b8,0x00000007da800000)
  to   space 5120K, 0% used [0x00000007d9e00000,0x00000007d9e00000,0x00000007da300000)
 ParOldGen       total 81920K, used 16K [0x0000000788000000, 0x000000078d000000, 0x00000007d8000000)
  object space 81920K, 0% used [0x0000000788000000,0x0000000788004000,0x000000078d000000)
 PSPermGen       total 21504K, used 3852K [0x000000077da00000, 0x000000077ef00000, 0x0000000788000000)
  object space 21504K, 17% used [0x000000077da00000,0x000000077ddc3060,0x000000077ef00000)
}
Event: 0.220 GC heap before
{Heap before GC invocations=3 (full 0):
 PSYoungGen      total 35840K, used 31307K [0x00000007d8000000, 0x00000007dc600000, 0x0000000800000000)
  eden space 30720K, 99% used [0x00000007d8000000,0x00000007d9df9b20,0x00000007d9e00000)
  from space 5120K, 11% used [0x00000007da300000,0x00000007da3992b8,0x00000007da800000)
  to   space 5120K, 0% used [0x00000007d9e00000,0x00000007d9e00000,0x00000007da300000)
 ParOldGen       total 81920K, used 16K [0x0000000788000000, 0x000000078d000000, 0x00000007d8000000)
  object space 81920K, 0% used [0x0000000788000000,0x0000000788004000,0x000000078d000000)
 PSPermGen       total 21504K, used 3852K [0x000000077da00000, 0x000000077ef00000, 0x0000000788000000)
  object space 21504K, 17% used [0x000000077da00000,0x000000077ddc3290,0x000000077ef00000)
Event: 0.221 GC heap after
Heap after GC invocations=3 (full 0):
 PSYoungGen      total 35840K, used 633K [0x00000007d8000000, 0x00000007dc600000, 0x0000000800000000)
  eden space 30720K, 0% used [0x00000007d8000000,0x00000007d8000000,0x00000007d9e00000)
  from space 5120K, 12% used [0x00000007d9e00000,0x00000007d9e9e728,0x00000007da300000)
  to   space 5120K, 0% used [0x00000007dc100000,0x00000007dc100000,0x00000007dc600000)
 ParOldGen       total 81920K, used 16K [0x0000000788000000, 0x000000078d000000, 0x00000007d8000000)
  object space 81920K, 0% used [0x0000000788000000,0x0000000788004000,0x000000078d000000)
 PSPermGen       total 21504K, used 3852K [0x000000077da00000, 0x000000077ef00000, 0x0000000788000000)
  object space 21504K, 17% used [0x000000077da00000,0x000000077ddc3290,0x000000077ef00000)
}
Event: 0.226 GC heap before
{Heap before GC invocations=4 (full 0):
 PSYoungGen      total 35840K, used 31343K [0x00000007d8000000, 0x00000007dc600000, 0x0000000800000000)
  eden space 30720K, 99% used [0x00000007d8000000,0x00000007d9dfd6c8,0x00000007d9e00000)
  from space 5120K, 12% used [0x00000007d9e00000,0x00000007d9e9e728,0x00000007da300000)
  to   space 5120K, 0% used [0x00000007dc100000,0x00000007dc100000,0x00000007dc600000)
 ParOldGen       total 81920K, used 16K [0x0000000788000000, 0x000000078d000000, 0x00000007d8000000)
  object space 81920K, 0% used [0x0000000788000000,0x0000000788004000,0x000000078d000000)
 PSPermGen       total 21504K, used 3852K [0x000000077da00000, 0x000000077ef00000, 0x0000000788000000)
  object space 21504K, 17% used [0x000000077da00000,0x000000077ddc3290,0x000000077ef00000)
Event: 0.229 GC heap after
Heap after GC invocations=4 (full 0):
 PSYoungGen      total 66560K, used 699K [0x00000007d8000000, 0x00000007dc600000, 0x0000000800000000)
  eden space 61440K, 0% used [0x00000007d8000000,0x00000007d8000000,0x00000007dbc00000)
  from space 5120K, 13% used [0x00000007dc100000,0x00000007dc1aef70,0x00000007dc600000)
  to   space 5120K, 0% used [0x00000007dbc00000,0x00000007dbc00000,0x00000007dc100000)
 ParOldGen       total 81920K, used 16K [0x0000000788000000, 0x000000078d000000, 0x00000007d8000000)
  object space 81920K, 0% used [0x0000000788000000,0x0000000788004000,0x000000078d000000)
 PSPermGen       total 21504K, used 3852K [0x000000077da00000, 0x000000077ef00000, 0x0000000788000000)
  object space 21504K, 17% used [0x000000077da00000,0x000000077ddc3290,0x000000077ef00000)
}
Event: 0.250 GC heap before
{Heap before GC invocations=5 (full 0):
 PSYoungGen      total 66560K, used 62139K [0x00000007d8000000, 0x00000007dc600000, 0x0000000800000000)
  eden space 61440K, 100% used [0x00000007d8000000,0x00000007dbc00000,0x00000007dbc00000)
  from space 5120K, 13% used [0x00000007dc100000,0x00000007dc1aef70,0x00000007dc600000)
  to   space 5120K, 0% used [0x00000007dbc00000,0x00000007dbc00000,0x00000007dc100000)
 ParOldGen       total 81920K, used 16K [0x0000000788000000, 0x000000078d000000, 0x00000007d8000000)
  object space 81920K, 0% used [0x0000000788000000,0x0000000788004000,0x000000078d000000)
 PSPermGen       total 21504K, used 3852K [0x000000077da00000, 0x000000077ef00000, 0x0000000788000000)
  object space 21504K, 17% used [0x000000077da00000,0x000000077ddc3290,0x000000077ef00000)
Event: 0.252 GC heap after
Heap after GC invocations=5 (full 0):
 PSYoungGen      total 66560K, used 681K [0x00000007d8000000, 0x00000007dfa00000, 0x0000000800000000)
  eden space 61440K, 0% used [0x00000007d8000000,0x00000007d8000000,0x00000007dbc00000)
  from space 5120K, 13% used [0x00000007dbc00000,0x00000007dbcaa7f0,0x00000007dc100000)
  to   space 1024K, 0% used [0x00000007df900000,0x00000007df900000,0x00000007dfa00000)
 ParOldGen       total 81920K, used 16K [0x0000000788000000, 0x000000078d000000, 0x00000007d8000000)
  object space 81920K, 0% used [0x0000000788000000,0x0000000788004000,0x000000078d000000)
 PSPermGen       total 21504K, used 3852K [0x000000077da00000, 0x000000077ef00000, 0x0000000788000000)
  object space 21504K, 17% used [0x000000077da00000,0x000000077ddc3290,0x000000077ef00000)
}
Event: 0.260 GC heap before
{Heap before GC invocations=6 (full 0):
 PSYoungGen      total 66560K, used 62050K [0x00000007d8000000, 0x00000007dfa00000, 0x0000000800000000)
  eden space 61440K, 99% used [0x00000007d8000000,0x00000007dbbee068,0x00000007dbc00000)
  from space 5120K, 13% used [0x00000007dbc00000,0x00000007dbcaa7f0,0x00000007dc100000)
  to   space 1024K, 0% used [0x00000007df900000,0x00000007df900000,0x00000007dfa00000)
 ParOldGen       total 81920K, used 16K [0x0000000788000000, 0x000000078d000000, 0x00000007d8000000)
  object space 81920K, 0% used [0x0000000788000000,0x0000000788004000,0x000000078d000000)
 PSPermGen       total 21504K, used 3852K [0x000000077da00000, 0x000000077ef00000, 0x0000000788000000)
  object space 21504K, 17% used [0x000000077da00000,0x000000077ddc3290,0x000000077ef00000)
Event: 0.261 GC heap after
Heap after GC invocations=6 (full 0):
 PSYoungGen      total 123904K, used 645K [0x00000007d8000000, 0x00000007dfa00000, 0x0000000800000000)
  eden space 122880K, 0% used [0x00000007d8000000,0x00000007d8000000,0x00000007df800000)
  from space 1024K, 63% used [0x00000007df900000,0x00000007df9a1650,0x00000007dfa00000)
  to   space 1024K, 0% used [0x00000007df800000,0x00000007df800000,0x00000007df900000)
 ParOldGen       total 81920K, used 16K [0x0000000788000000, 0x000000078d000000, 0x00000007d8000000)
  object space 81920K, 0% used [0x0000000788000000,0x0000000788004000,0x000000078d000000)
 PSPermGen       total 21504K, used 3852K [0x000000077da00000, 0x000000077ef00000, 0x0000000788000000)
  object space 21504K, 17% used [0x000000077da00000,0x000000077ddc3290,0x000000077ef00000)
}
Event: 0.316 GC heap before
{Heap before GC invocations=7 (full 0):
 PSYoungGen      total 123904K, used 123496K [0x00000007d8000000, 0x00000007dfa00000, 0x0000000800000000)
  eden space 122880K, 99% used [0x00000007d8000000,0x00000007df7f8c10,0x00000007df800000)
  from space 1024K, 63% used [0x00000007df900000,0x00000007df9a1650,0x00000007dfa00000)
  to   space 1024K, 0% used [0x00000007df800000,0x00000007df800000,0x00000007df900000)
 ParOldGen       total 81920K, used 16K [0x0000000788000000, 0x000000078d000000, 0x00000007d8000000)
  object space 81920K, 0% used [0x0000000788000000,0x0000000788004000,0x000000078d000000)
 PSPermGen       total 21504K, used 3852K [0x000000077da00000, 0x000000077ef00000, 0x0000000788000000)
  object space 21504K, 17% used [0x000000077da00000,0x000000077ddc3290,0x000000077ef00000)

Deoptimization events (1 events):
Event: 0.178 Thread 0x00007fad0000a000 Uncommon trap: reason=unstable_if action=reinterpret pc=0x00007facfd066978 method=salsac.SalsaParser.jj_scan_token(I)Z @ 78

Internal exceptions (10 events):
Event: 0.148 Thread 0x00007fad0000a000 Threw 0x00000007d8255360 at /build/openjdk-7-2nYvii/openjdk-7-7u151-2.6.11/build/openjdk/hotspot/src/share/vm/prims/jvm.cpp:1322
Event: 0.148 Thread 0x00007fad0000a000 Threw 0x00000007d8258980 at /build/openjdk-7-2nYvii/openjdk-7-7u151-2.6.11/build/openjdk/hotspot/src/share/vm/prims/jvm.cpp:1322
Event: 0.150 Thread 0x00007fad0000a000 Threw 0x00000007d8264940 at /build/openjdk-7-2nYvii/openjdk-7-7u151-2.6.11/build/openjdk/hotspot/src/share/vm/prims/jvm.cpp:1322
Event: 0.150 Thread 0x00007fad0000a000 Threw 0x00000007d8267ab0 at /build/openjdk-7-2nYvii/openjdk-7-7u151-2.6.11/build/openjdk/hotspot/src/share/vm/prims/jvm.cpp:1322
Event: 0.151 Thread 0x00007fad0000a000 Threw 0x00000007d826ce08 at /build/openjdk-7-2nYvii/openjdk-7-7u151-2.6.11/build/openjdk/hotspot/src/share/vm/prims/jvm.cpp:1322
Event: 0.151 Thread 0x00007fad0000a000 Threw 0x00000007d8270dd8 at /build/openjdk-7-2nYvii/openjdk-7-7u151-2.6.11/build/openjdk/hotspot/src/share/vm/prims/jvm.cpp:1322
Event: 0.151 Thread 0x00007fad0000a000 Threw 0x00000007d8276778 at /build/openjdk-7-2nYvii/openjdk-7-7u151-2.6.11/build/openjdk/hotspot/src/share/vm/prims/jvm.cpp:1322
Event: 0.152 Thread 0x00007fad0000a000 Threw 0x00000007d827be88 at /build/openjdk-7-2nYvii/openjdk-7-7u151-2.6.11/build/openjdk/hotspot/src/share/vm/prims/jvm.cpp:1322
Event: 0.154 Thread 0x00007fad0000a000 Threw 0x00000007d828e648 at /build/openjdk-7-2nYvii/openjdk-7-7u151-2.6.11/build/openjdk/hotspot/src/share/vm/prims/jvm.cpp:1322
Event: 0.155 Thread 0x00007fad0000a000 Threw 0x00000007d8293368 at /build/openjdk-7-2nYvii/openjdk-7-7u151-2.6.11/build/openjdk/hotspot/src/share/vm/prims/jvm.cpp:1322

Events (10 events):
Event: 0.214 Executing VM operation: ParallelGCFailedAllocation done
Event: 0.220 Executing VM operation: ParallelGCFailedAllocation
Event: 0.221 Executing VM operation: ParallelGCFailedAllocation done
Event: 0.226 Executing VM operation: ParallelGCFailedAllocation
Event: 0.229 Executing VM operation: ParallelGCFailedAllocation done
Event: 0.250 Executing VM operation: ParallelGCFailedAllocation
Event: 0.252 Executing VM operation: ParallelGCFailedAllocation done
Event: 0.260 Executing VM operation: ParallelGCFailedAllocation
Event: 0.261 Executing VM operation: ParallelGCFailedAllocation done
Event: 0.316 Executing VM operation: ParallelGCFailedAllocation


Dynamic libraries:
00400000-00401000 r-xp 00000000 07:00 810683                             /usr/lib/jvm/java-7-openjdk-amd64/jre/bin/java
00600000-00601000 r--p 00000000 07:00 810683                             /usr/lib/jvm/java-7-openjdk-amd64/jre/bin/java
00601000-00602000 rw-p 00001000 07:00 810683                             /usr/lib/jvm/java-7-openjdk-amd64/jre/bin/java
01560000-01581000 rw-p 00000000 00:00 0                                  [heap]
77da00000-77ef00000 rw-p 00000000 00:00 0 
77ef00000-788000000 rw-p 00000000 00:00 0 
788000000-78d000000 rw-p 00000000 00:00 0 
78d000000-7d8000000 rw-p 00000000 00:00 0 
7d8000000-7dfa00000 rw-p 00000000 00:00 0 
7e7200000-800000000 rw-p 00000000 00:00 0 
7facbc000000-7facbc021000 rw-p 00000000 00:00 0 
7facbc021000-7facc0000000 ---p 00000000 00:00 0 
7facc4000000-7facc406f000 rw-p 00000000 00:00 0 
7facc406f000-7facc8000000 ---p 00000000 00:00 0 
7facc8000000-7facc8021000 rw-p 00000000 00:00 0 
7facc8021000-7faccc000000 ---p 00000000 00:00 0 
7faccc000000-7faccc021000 rw-p 00000000 00:00 0 
7faccc021000-7facd0000000 ---p 00000000 00:00 0 
7facd0000000-7facd015c000 rw-p 00000000 00:00 0 
7facd015c000-7facd4000000 ---p 00000000 00:00 0 
7facd4000000-7facd4021000 rw-p 00000000 00:00 0 
7facd4021000-7facd8000000 ---p 00000000 00:00 0 
7facd8000000-7facd8021000 rw-p 00000000 00:00 0 
7facd8021000-7facdc000000 ---p 00000000 00:00 0 
7facdc000000-7facdc021000 rw-p 00000000 00:00 0 
7facdc021000-7face0000000 ---p 00000000 00:00 0 
7face0000000-7face0021000 rw-p 00000000 00:00 0 
7face0021000-7face4000000 ---p 00000000 00:00 0 
7face4000000-7face4021000 rw-p 00000000 00:00 0 
7face4021000-7face8000000 ---p 00000000 00:00 0 
7facec000000-7facec021000 rw-p 00000000 00:00 0 
7facec021000-7facf0000000 ---p 00000000 00:00 0 
7facf28d9000-7facf28df000 r--s 0004e000 07:00 578265                     /home/ekhalr/Documents/ProgLang/ProgLangAssign2/ProgLangAssign2/salsa1.1.5.jar
7facf28df000-7facf28e0000 ---p 00000000 00:00 0 
7facf28e0000-7facf29e0000 rw-p 00000000 00:00 0 
7facf29e0000-7facf29e3000 ---p 00000000 00:00 0 
7facf29e3000-7facf2ae1000 rw-p 00000000 00:00 0 
7facf2ae1000-7facf2ae4000 ---p 00000000 00:00 0 
7facf2ae4000-7facf2be2000 rw-p 00000000 00:00 0 
7facf2be2000-7facf2be5000 ---p 00000000 00:00 0 
7facf2be5000-7facf2ce3000 rw-p 00000000 00:00 0 
7facf2ce3000-7facf2ce6000 ---p 00000000 00:00 0 
7facf2ce6000-7facf2de4000 rw-p 00000000 00:00 0 
7facf2de4000-7facf34c6000 r--p 00000000 07:00 794634                     /usr/lib/locale/locale-archive
7facf34c6000-7facf34c9000 ---p 00000000 00:00 0 
7facf34c9000-7facf35c7000 rw-p 00000000 00:00 0 
7facf35c7000-7facf35ca000 ---p 00000000 00:00 0 
7facf35ca000-7facf36c8000 rw-p 00000000 00:00 0 
7facf36c8000-7facf36c9000 ---p 00000000 00:00 0 
7facf36c9000-7facf8000000 rw-p 00000000 00:00 0 
7facf8000000-7facf8021000 rw-p 00000000 00:00 0 
7facf8021000-7facfc000000 ---p 00000000 00:00 0 
7facfc002000-7facfc004000 r--s 00012000 07:00 811114                     /usr/lib/jvm/java-7-openjdk-amd64/jre/lib/ext/zipfs.jar
7facfc004000-7facfc008000 r--s 00034000 07:00 811117                     /usr/lib/jvm/java-7-openjdk-amd64/jre/lib/ext/sunjce_provider.jar
7facfc008000-7facfc00b000 r--s 0003d000 07:00 811112                     /usr/lib/jvm/java-7-openjdk-amd64/jre/lib/ext/sunpkcs11.jar
7facfc00b000-7facfc8c0000 rw-p 00000000 00:00 0 
7facfc8c0000-7facfca76000 r--s 01d63000 07:00 810848                     /usr/lib/jvm/java-7-openjdk-amd64/jre/lib/rt.jar
7facfca76000-7facfceff000 rw-p 00000000 00:00 0 
7facfceff000-7facfcf00000 ---p 00000000 00:00 0 
7facfcf00000-7facfd000000 rw-p 00000000 00:00 0 
7facfd000000-7facfd270000 rwxp 00000000 00:00 0 
7facfd270000-7fad00211000 rw-p 00000000 00:00 0 
7fad00211000-7fad04000000 ---p 00000000 00:00 0 
7fad04001000-7fad040ce000 rw-p 00000000 00:00 0 
7fad040ce000-7fad040cf000 ---p 00000000 00:00 0 
7fad040cf000-7fad041cf000 rw-p 00000000 00:00 0 
7fad041cf000-7fad041d0000 ---p 00000000 00:00 0 
7fad041d0000-7fad042d0000 rw-p 00000000 00:00 0 
7fad042d0000-7fad042d1000 ---p 00000000 00:00 0 
7fad042d1000-7fad043dc000 rw-p 00000000 00:00 0 
7fad043dc000-7fad04424000 rw-p 00000000 00:00 0 
7fad04424000-7fad0444c000 rw-p 00000000 00:00 0 
7fad0444c000-7fad046a4000 rw-p 00000000 00:00 0 
7fad046a4000-7fad046af000 rw-p 00000000 00:00 0 
7fad046af000-7fad046f7000 rw-p 00000000 00:00 0 
7fad046f7000-7fad0471f000 rw-p 00000000 00:00 0 
7fad0471f000-7fad04977000 rw-p 00000000 00:00 0 
7fad04977000-7fad049b4000 rw-p 00000000 00:00 0 
7fad049b4000-7fad04ab7000 rw-p 00000000 00:00 0 
7fad04ab7000-7fad04ab8000 rw-p 00000000 00:00 0 
7fad04ab8000-7fad04ac0000 r-xp 00000000 07:00 811110                     /usr/lib/jvm/java-7-openjdk-amd64/jre/lib/amd64/libzip.so
7fad04ac0000-7fad04cbf000 ---p 00008000 07:00 811110                     /usr/lib/jvm/java-7-openjdk-amd64/jre/lib/amd64/libzip.so
7fad04cbf000-7fad04cc0000 r--p 00007000 07:00 811110                     /usr/lib/jvm/java-7-openjdk-amd64/jre/lib/amd64/libzip.so
7fad04cc0000-7fad04cc1000 rw-p 00008000 07:00 811110                     /usr/lib/jvm/java-7-openjdk-amd64/jre/lib/amd64/libzip.so
7fad04cc1000-7fad04ccb000 r-xp 00000000 07:00 136389                     /lib/x86_64-linux-gnu/libnss_files-2.19.so
7fad04ccb000-7fad04eca000 ---p 0000a000 07:00 136389                     /lib/x86_64-linux-gnu/libnss_files-2.19.so
7fad04eca000-7fad04ecb000 r--p 00009000 07:00 136389                     /lib/x86_64-linux-gnu/libnss_files-2.19.so
7fad04ecb000-7fad04ecc000 rw-p 0000a000 07:00 136389                     /lib/x86_64-linux-gnu/libnss_files-2.19.so
7fad04ecc000-7fad04ed7000 r-xp 00000000 07:00 136399                     /lib/x86_64-linux-gnu/libnss_nis-2.19.so
7fad04ed7000-7fad050d6000 ---p 0000b000 07:00 136399                     /lib/x86_64-linux-gnu/libnss_nis-2.19.so
7fad050d6000-7fad050d7000 r--p 0000a000 07:00 136399                     /lib/x86_64-linux-gnu/libnss_nis-2.19.so
7fad050d7000-7fad050d8000 rw-p 0000b000 07:00 136399                     /lib/x86_64-linux-gnu/libnss_nis-2.19.so
7fad050d8000-7fad050ef000 r-xp 00000000 07:00 136383                     /lib/x86_64-linux-gnu/libnsl-2.19.so
7fad050ef000-7fad052ee000 ---p 00017000 07:00 136383                     /lib/x86_64-linux-gnu/libnsl-2.19.so
7fad052ee000-7fad052ef000 r--p 00016000 07:00 136383                     /lib/x86_64-linux-gnu/libnsl-2.19.so
7fad052ef000-7fad052f0000 rw-p 00017000 07:00 136383                     /lib/x86_64-linux-gnu/libnsl-2.19.so
7fad052f0000-7fad052f2000 rw-p 00000000 00:00 0 
7fad052f2000-7fad052fb000 r-xp 00000000 07:00 136385                     /lib/x86_64-linux-gnu/libnss_compat-2.19.so
7fad052fb000-7fad054fa000 ---p 00009000 07:00 136385                     /lib/x86_64-linux-gnu/libnss_compat-2.19.so
7fad054fa000-7fad054fb000 r--p 00008000 07:00 136385                     /lib/x86_64-linux-gnu/libnss_compat-2.19.so
7fad054fb000-7fad054fc000 rw-p 00009000 07:00 136385                     /lib/x86_64-linux-gnu/libnss_compat-2.19.so
7fad054fc000-7fad05526000 r-xp 00000000 07:00 811078                     /usr/lib/jvm/java-7-openjdk-amd64/jre/lib/amd64/libjava.so
7fad05526000-7fad05726000 ---p 0002a000 07:00 811078                     /usr/lib/jvm/java-7-openjdk-amd64/jre/lib/amd64/libjava.so
7fad05726000-7fad05727000 r--p 0002a000 07:00 811078                     /usr/lib/jvm/java-7-openjdk-amd64/jre/lib/amd64/libjava.so
7fad05727000-7fad05729000 rw-p 0002b000 07:00 811078                     /usr/lib/jvm/java-7-openjdk-amd64/jre/lib/amd64/libjava.so
7fad05729000-7fad05739000 r-xp 00000000 07:00 811054                     /usr/lib/jvm/java-7-openjdk-amd64/jre/lib/amd64/libverify.so
7fad05739000-7fad05938000 ---p 00010000 07:00 811054                     /usr/lib/jvm/java-7-openjdk-amd64/jre/lib/amd64/libverify.so
7fad05938000-7fad0593a000 r--p 0000f000 07:00 811054                     /usr/lib/jvm/java-7-openjdk-amd64/jre/lib/amd64/libverify.so
7fad0593a000-7fad0593b000 rw-p 00011000 07:00 811054                     /usr/lib/jvm/java-7-openjdk-amd64/jre/lib/amd64/libverify.so
7fad0593b000-7fad05942000 r-xp 00000000 07:00 136442                     /lib/x86_64-linux-gnu/librt-2.19.so
7fad05942000-7fad05b41000 ---p 00007000 07:00 136442                     /lib/x86_64-linux-gnu/librt-2.19.so
7fad05b41000-7fad05b42000 r--p 00006000 07:00 136442                     /lib/x86_64-linux-gnu/librt-2.19.so
7fad05b42000-7fad05b43000 rw-p 00007000 07:00 136442                     /lib/x86_64-linux-gnu/librt-2.19.so
7fad05b43000-7fad05b59000 r-xp 00000000 07:00 136341                     /lib/x86_64-linux-gnu/libgcc_s.so.1
7fad05b59000-7fad05d58000 ---p 00016000 07:00 136341                     /lib/x86_64-linux-gnu/libgcc_s.so.1
7fad05d58000-7fad05d59000 rw-p 00015000 07:00 136341                     /lib/x86_64-linux-gnu/libgcc_s.so.1
7fad05d59000-7fad05e5e000 r-xp 00000000 07:00 136364                     /lib/x86_64-linux-gnu/libm-2.19.so
7fad05e5e000-7fad0605d000 ---p 00105000 07:00 136364                     /lib/x86_64-linux-gnu/libm-2.19.so
7fad0605d000-7fad0605e000 r--p 00104000 07:00 136364                     /lib/x86_64-linux-gnu/libm-2.19.so
7fad0605e000-7fad0605f000 rw-p 00105000 07:00 136364                     /lib/x86_64-linux-gnu/libm-2.19.so
7fad0605f000-7fad06145000 r-xp 00000000 07:00 798421                     /usr/lib/x86_64-linux-gnu/libstdc++.so.6.0.19
7fad06145000-7fad06344000 ---p 000e6000 07:00 798421                     /usr/lib/x86_64-linux-gnu/libstdc++.so.6.0.19
7fad06344000-7fad0634c000 r--p 000e5000 07:00 798421                     /usr/lib/x86_64-linux-gnu/libstdc++.so.6.0.19
7fad0634c000-7fad0634e000 rw-p 000ed000 07:00 798421                     /usr/lib/x86_64-linux-gnu/libstdc++.so.6.0.19
7fad0634e000-7fad06363000 rw-p 00000000 00:00 0 
7fad06363000-7fad06e97000 r-xp 00000000 07:00 811099                     /usr/lib/jvm/java-7-openjdk-amd64/jre/lib/amd64/server/libjvm.so
7fad06e97000-7fad07097000 ---p 00b34000 07:00 811099                     /usr/lib/jvm/java-7-openjdk-amd64/jre/lib/amd64/server/libjvm.so
7fad07097000-7fad07132000 r--p 00b34000 07:00 811099                     /usr/lib/jvm/java-7-openjdk-amd64/jre/lib/amd64/server/libjvm.so
7fad07132000-7fad07155000 rw-p 00bcf000 07:00 811099                     /usr/lib/jvm/java-7-openjdk-amd64/jre/lib/amd64/server/libjvm.so
7fad07155000-7fad07185000 rw-p 00000000 00:00 0 
7fad07185000-7fad0719d000 r-xp 00000000 07:00 136477                     /lib/x86_64-linux-gnu/libz.so.1.2.8
7fad0719d000-7fad0739c000 ---p 00018000 07:00 136477                     /lib/x86_64-linux-gnu/libz.so.1.2.8
7fad0739c000-7fad0739d000 r--p 00017000 07:00 136477                     /lib/x86_64-linux-gnu/libz.so.1.2.8
7fad0739d000-7fad0739e000 rw-p 00018000 07:00 136477                     /lib/x86_64-linux-gnu/libz.so.1.2.8
7fad0739e000-7fad073b7000 r-xp 00000000 07:00 136434                     /lib/x86_64-linux-gnu/libpthread-2.19.so
7fad073b7000-7fad075b6000 ---p 00019000 07:00 136434                     /lib/x86_64-linux-gnu/libpthread-2.19.so
7fad075b6000-7fad075b7000 r--p 00018000 07:00 136434                     /lib/x86_64-linux-gnu/libpthread-2.19.so
7fad075b7000-7fad075b8000 rw-p 00019000 07:00 136434                     /lib/x86_64-linux-gnu/libpthread-2.19.so
7fad075b8000-7fad075bc000 rw-p 00000000 00:00 0 
7fad075bc000-7fad075bf000 r-xp 00000000 07:00 136331                     /lib/x86_64-linux-gnu/libdl-2.19.so
7fad075bf000-7fad077be000 ---p 00003000 07:00 136331                     /lib/x86_64-linux-gnu/libdl-2.19.so
7fad077be000-7fad077bf000 r--p 00002000 07:00 136331                     /lib/x86_64-linux-gnu/libdl-2.19.so
7fad077bf000-7fad077c0000 rw-p 00003000 07:00 136331                     /lib/x86_64-linux-gnu/libdl-2.19.so
7fad077c0000-7fad0797a000 r-xp 00000000 07:00 136314                     /lib/x86_64-linux-gnu/libc-2.19.so
7fad0797a000-7fad07b7a000 ---p 001ba000 07:00 136314                     /lib/x86_64-linux-gnu/libc-2.19.so
7fad07b7a000-7fad07b7e000 r--p 001ba000 07:00 136314                     /lib/x86_64-linux-gnu/libc-2.19.so
7fad07b7e000-7fad07b80000 rw-p 001be000 07:00 136314                     /lib/x86_64-linux-gnu/libc-2.19.so
7fad07b80000-7fad07b85000 rw-p 00000000 00:00 0 
7fad07b85000-7fad07b92000 r-xp 00000000 07:00 810998                     /usr/lib/jvm/java-7-openjdk-amd64/jre/lib/amd64/jli/libjli.so
7fad07b92000-7fad07d91000 ---p 0000d000 07:00 810998                     /usr/lib/jvm/java-7-openjdk-amd64/jre/lib/amd64/jli/libjli.so
7fad07d91000-7fad07d92000 r--p 0000c000 07:00 810998                     /usr/lib/jvm/java-7-openjdk-amd64/jre/lib/amd64/jli/libjli.so
7fad07d92000-7fad07d93000 rw-p 0000d000 07:00 810998                     /usr/lib/jvm/java-7-openjdk-amd64/jre/lib/amd64/jli/libjli.so
7fad07d93000-7fad07db6000 r-xp 00000000 07:00 136290                     /lib/x86_64-linux-gnu/ld-2.19.so
7fad07db7000-7fad07de2000 rw-p 00000000 00:00 0 
7fad07de2000-7fad07e98000 rw-p 00000000 00:00 0 
7fad07e98000-7fad07e9b000 ---p 00000000 00:00 0 
7fad07e9b000-7fad07f9f000 rw-p 00000000 00:00 0 
7fad07f9f000-7fad07fa1000 r--s 00006000 07:00 938964                     /usr/share/java/java-atk-wrapper.jar
7fad07fa1000-7fad07fa5000 r--s 00085000 07:00 811113                     /usr/lib/jvm/java-7-openjdk-amd64/jre/lib/ext/localedata.jar
7fad07fa5000-7fad07fa6000 r--s 00002000 07:00 811111                     /usr/lib/jvm/java-7-openjdk-amd64/jre/lib/ext/dnsns.jar
7fad07fa6000-7fad07fa9000 r--s 0000f000 07:00 811115                     /usr/lib/jvm/java-7-openjdk-amd64/jre/lib/ext/icedtea-sound.jar
7fad07fa9000-7fad07fb1000 rw-s 00000000 07:00 664746                     /tmp/hsperfdata_ekhalr/10519
7fad07fb1000-7fad07fb2000 rw-p 00000000 00:00 0 
7fad07fb2000-7fad07fb3000 ---p 00000000 00:00 0 
7fad07fb3000-7fad07fb5000 rw-p 00000000 00:00 0 
7fad07fb5000-7fad07fb6000 r--p 00022000 07:00 136290                     /lib/x86_64-linux-gnu/ld-2.19.so
7fad07fb6000-7fad07fb7000 rw-p 00023000 07:00 136290                     /lib/x86_64-linux-gnu/ld-2.19.so
7fad07fb7000-7fad07fb8000 rw-p 00000000 00:00 0 
7ffe79258000-7ffe79279000 rw-p 00000000 00:00 0                          [stack]
7ffe792a3000-7ffe792a5000 r--p 00000000 00:00 0                          [vvar]
7ffe792a5000-7ffe792a7000 r-xp 00000000 00:00 0                          [vdso]
ffffffffff600000-ffffffffff601000 r-xp 00000000 00:00 0                  [vsyscall]

VM Arguments:
java_command: salsac.SalsaCompiler concurrent/Node.salsa concurrent/RadialGrowth.salsa concurrent/Run.salsa
Launcher Type: SUN_STANDARD

Environment Variables:
PATH=/usr/local/sbin:/usr/local/bin:/usr/sbin:/usr/bin:/sbin:/bin:/usr/games:/usr/local/games
SHELL=/bin/bash
DISPLAY=:0

Signal Handlers:
SIGSEGV: [libjvm.so+0x963630], sa_mask[0]=0x7ffbfeff, sa_flags=0x10000004
SIGBUS: [libjvm.so+0x963630], sa_mask[0]=0x7ffbfeff, sa_flags=0x10000004
SIGFPE: [libjvm.so+0x7d5da0], sa_mask[0]=0x7ffbfeff, sa_flags=0x10000004
SIGPIPE: [libjvm.so+0x7d5da0], sa_mask[0]=0x7ffbfeff, sa_flags=0x10000004
SIGXFSZ: [libjvm.so+0x7d5da0], sa_mask[0]=0x7ffbfeff, sa_flags=0x10000004
SIGILL: [libjvm.so+0x7d5da0], sa_mask[0]=0x7ffbfeff, sa_flags=0x10000004
SIGUSR1: SIG_DFL, sa_mask[0]=0x00000000, sa_flags=0x00000000
SIGUSR2: [libjvm.so+0x7d5ed0], sa_mask[0]=0x00000000, sa_flags=0x10000004
SIGHUP: [libjvm.so+0x7d5e20], sa_mask[0]=0x7ffbfeff, sa_flags=0x10000004
SIGINT: [libjvm.so+0x7d5e20], sa_mask[0]=0x7ffbfeff, sa_flags=0x10000004
SIGTERM: [libjvm.so+0x7d5e20], sa_mask[0]=0x7ffbfeff, sa_flags=0x10000004
SIGQUIT: [libjvm.so+0x7d5e20], sa_mask[0]=0x7ffbfeff, sa_flags=0x10000004
SIGTRAP: SIG_DFL, sa_mask[0]=0x00000000, sa_flags=0x00000000


---------------  S Y S T E M  ---------------

OS:Ubuntu 14.04 (trusty)
uname:Linux 4.4.0-31-generic #50~14.04.1-Ubuntu SMP Wed Jul 13 01:07:32 UTC 2016 x86_64
libc:glibc 2.19 NPTL 2.19 
rlimit: STACK 8192k, CORE 0k, NPROC 30614, NOFILE 4096, AS infinity
load average:0.68 0.34 0.20

/proc/meminfo:
MemTotal:        7859628 kB
MemFree:          106896 kB
MemAvailable:       1644 kB
Buffers:            2432 kB
Cached:           196912 kB
SwapCached:        90000 kB
Active:          6295448 kB
Inactive:        1268264 kB
Active(anon):    6282984 kB
Inactive(anon):  1256700 kB
Active(file):      12464 kB
Inactive(file):    11564 kB
Unevictable:        3448 kB
Mlocked:            1056 kB
SwapTotal:        262140 kB
SwapFree:              0 kB
Dirty:               116 kB
Writeback:             0 kB
AnonPages:       7278964 kB
Mapped:            68820 kB
Shmem:            172204 kB
Slab:              71064 kB
SReclaimable:      35240 kB
SUnreclaim:        35824 kB
KernelStack:       20352 kB
PageTables:        51220 kB
NFS_Unstable:          0 kB
Bounce:                0 kB
WritebackTmp:          0 kB
CommitLimit:     4191952 kB
Committed_AS:   18074292 kB
VmallocTotal:   34359738367 kB
VmallocUsed:           0 kB
VmallocChunk:          0 kB
HardwareCorrupted:     0 kB
AnonHugePages:   4186112 kB
CmaTotal:              0 kB
CmaFree:               0 kB
HugePages_Total:       0
HugePages_Free:        0
HugePages_Rsvd:        0
HugePages_Surp:        0
Hugepagesize:       2048 kB
DirectMap4k:      213112 kB
DirectMap2M:     7856128 kB
DirectMap1G:     1048576 kB


CPU:total 4 (initial active 4) (2 cores per cpu, 2 threads per core) family 6 model 69 stepping 1, cmov, cx8, fxsr, mmx, sse, sse2, sse3, ssse3, sse4.1, sse4.2, popcnt, avx, avx2, aes, erms, ht, tsc, tscinvbit

/proc/cpuinfo:
processor	: 0
vendor_id	: GenuineIntel
cpu family	: 6
model		: 69
model name	: Intel(R) Core(TM) i7-4600U CPU @ 2.10GHz
stepping	: 1
microcode	: 0x17
cpu MHz		: 2999.953
cache size	: 4096 KB
physical id	: 0
siblings	: 4
core id		: 0
cpu cores	: 2
apicid		: 0
initial apicid	: 0
fpu		: yes
fpu_exception	: yes
cpuid level	: 13
wp		: yes
flags		: fpu vme de pse tsc msr pae mce cx8 apic sep mtrr pge mca cmov pat pse36 clflush dts acpi mmx fxsr sse sse2 ss ht tm pbe syscall nx pdpe1gb rdtscp lm constant_tsc arch_perfmon pebs bts rep_good nopl xtopology nonstop_tsc aperfmperf eagerfpu pni pclmulqdq dtes64 monitor ds_cpl vmx smx est tm2 ssse3 sdbg fma cx16 xtpr pdcm pcid sse4_1 sse4_2 x2apic movbe popcnt tsc_deadline_timer aes xsave avx f16c rdrand lahf_lm abm epb tpr_shadow vnmi flexpriority ept vpid fsgsbase tsc_adjust bmi1 hle avx2 smep bmi2 erms invpcid rtm xsaveopt dtherm ida arat pln pts
bugs		:
bogomips	: 5387.63
clflush size	: 64
cache_alignment	: 64
address sizes	: 39 bits physical, 48 bits virtual
power management:

processor	: 1
vendor_id	: GenuineIntel
cpu family	: 6
model		: 69
model name	: Intel(R) Core(TM) i7-4600U CPU @ 2.10GHz
stepping	: 1
microcode	: 0x17
cpu MHz		: 2999.953
cache size	: 4096 KB
physical id	: 0
siblings	: 4
core id		: 0
cpu cores	: 2
apicid		: 1
initial apicid	: 1
fpu		: yes
fpu_exception	: yes
cpuid level	: 13
wp		: yes
flags		: fpu vme de pse tsc msr pae mce cx8 apic sep mtrr pge mca cmov pat pse36 clflush dts acpi mmx fxsr sse sse2 ss ht tm pbe syscall nx pdpe1gb rdtscp lm constant_tsc arch_perfmon pebs bts rep_good nopl xtopology nonstop_tsc aperfmperf eagerfpu pni pclmulqdq dtes64 monitor ds_cpl vmx smx est tm2 ssse3 sdbg fma cx16 xtpr pdcm pcid sse4_1 sse4_2 x2apic movbe popcnt tsc_deadline_timer aes xsave avx f16c rdrand lahf_lm abm epb tpr_shadow vnmi flexpriority ept vpid fsgsbase tsc_adjust bmi1 hle avx2 smep bmi2 erms invpcid rtm xsaveopt dtherm ida arat pln pts
bugs		:
bogomips	: 5387.63
clflush size	: 64
cache_alignment	: 64
address sizes	: 39 bits physical, 48 bits virtual
power management:

processor	: 2
vendor_id	: GenuineIntel
cpu family	: 6
model		: 69
model name	: Intel(R) Core(TM) i7-4600U CPU @ 2.10GHz
stepping	: 1
microcode	: 0x17
cpu MHz		: 3125.355
cache size	: 4096 KB
physical id	: 0
siblings	: 4
core id		: 1
cpu cores	: 2
apicid		: 2
initial apicid	: 2
fpu		: yes
fpu_exception	: yes
cpuid level	: 13
wp		: yes
flags		: fpu vme de pse tsc msr pae mce cx8 apic sep mtrr pge mca cmov pat pse36 clflush dts acpi mmx fxsr sse sse2 ss ht tm pbe syscall nx pdpe1gb rdtscp lm constant_tsc arch_perfmon pebs bts rep_good nopl xtopology nonstop_tsc aperfmperf eagerfpu pni pclmulqdq dtes64 monitor ds_cpl vmx smx est tm2 ssse3 sdbg fma cx16 xtpr pdcm pcid sse4_1 sse4_2 x2apic movbe popcnt tsc_deadline_timer aes xsave avx f16c rdrand lahf_lm abm epb tpr_shadow vnmi flexpriority ept vpid fsgsbase tsc_adjust bmi1 hle avx2 smep bmi2 erms invpcid rtm xsaveopt dtherm ida arat pln pts
bugs		:
bogomips	: 5387.63
clflush size	: 64
cache_alignment	: 64
address sizes	: 39 bits physical, 48 bits virtual
power management:

processor	: 3
vendor_id	: GenuineIntel
cpu family	: 6
model		: 69
model name	: Intel(R) Core(TM) i7-4600U CPU @ 2.10GHz
stepping	: 1
microcode	: 0x17
cpu MHz		: 3071.460
cache size	: 4096 KB
physical id	: 0
siblings	: 4
core id		: 1
cpu cores	: 2
apicid		: 3
initial apicid	: 3
fpu		: yes
fpu_exception	: yes
cpuid level	: 13
wp		: yes
flags		: fpu vme de pse tsc msr pae mce cx8 apic sep mtrr pge mca cmov pat pse36 clflush dts acpi mmx fxsr sse sse2 ss ht tm pbe syscall nx pdpe1gb rdtscp lm constant_tsc arch_perfmon pebs bts rep_good nopl xtopology nonstop_tsc aperfmperf eagerfpu pni pclmulqdq dtes64 monitor ds_cpl vmx smx est tm2 ssse3 sdbg fma cx16 xtpr pdcm pcid sse4_1 sse4_2 x2apic movbe popcnt tsc_deadline_timer aes xsave avx f16c rdrand lahf_lm abm epb tpr_shadow vnmi flexpriority ept vpid fsgsbase tsc_adjust bmi1 hle avx2 smep bmi2 erms invpcid rtm xsaveopt dtherm ida arat pln pts
bugs		:
bogomips	: 5387.63
clflush size	: 64
cache_alignment	: 64
address sizes	: 39 bits physical, 48 bits virtual
power management:



Memory: 4k page, physical 7859628k(106896k free), swap 262140k(0k free)

vm_info: OpenJDK 64-Bit Server VM (24.151-b01) for linux-amd64 JRE (1.7.0_151-b01), built on Aug 15 2017 05:35:24 by "buildd" with gcc 4.8.4

time: Thu Nov  9 03:52:33 2017
elapsed time: 0 seconds

